<?xml version="1.0" encoding="UTF-8"?>
<testsuite xmlns:xsi="http://www.w3.org/2001/XMLSchema-instance" xsi:noNamespaceSchemaLocation="https://maven.apache.org/surefire/maven-surefire-plugin/xsd/surefire-test-report.xsd" name="com.cg.mts.MovieFinalApplicationTests" time="10.322" tests="17" errors="3" skipped="0" failures="3">
  <properties>
[...]
</properties>
  <testcase name="viewScreenList" classname="com.cg.mts.MovieFinalApplicationTests" time="0.374">
    <failure message="expected: &lt;200&gt; but was: &lt;404&gt;" type="org.opentest4j.AssertionFailedError"><![CDATA[org.opentest4j.AssertionFailedError: expected: <200> but was: <404>
	at com.cg.mts.MovieFinalApplicationTests.viewScreenList(ApplicationTests.java:175)
]]></failure>
    <system-out><![CDATA[20:47:53.786 [main] DEBUG org.springframework.test.context.BootstrapUtils - Instantiating CacheAwareContextLoaderDelegate from class [org.springframework.test.context.cache.DefaultCacheAwareContextLoaderDelegate]
20:47:53.851 [main] DEBUG org.springframework.test.context.BootstrapUtils - Instantiating BootstrapContext using constructor [public org.springframework.test.context.support.DefaultBootstrapContext(java.lang.Class,org.springframework.test.context.CacheAwareContextLoaderDelegate)]
20:47:53.906 [main] DEBUG org.springframework.test.context.BootstrapUtils - Instantiating TestContextBootstrapper for test class [com.cg.mts.MovieFinalApplicationTests] from class [org.springframework.boot.test.context.SpringBootTestContextBootstrapper]
20:47:53.959 [main] INFO org.springframework.boot.test.context.SpringBootTestContextBootstrapper - Neither @ContextConfiguration nor @ContextHierarchy found for test class [com.cg.mts.MovieFinalApplicationTests], using SpringBootContextLoader
20:47:53.965 [main] DEBUG org.springframework.test.context.support.AbstractContextLoader - Did not detect default resource location for test class [com.cg.mts.MovieFinalApplicationTests]: class path resource [com/cg/mts/MovieFinalApplicationTests-context.xml] does not exist
20:47:53.966 [main] DEBUG org.springframework.test.context.support.AbstractContextLoader - Did not detect default resource location for test class [com.cg.mts.MovieFinalApplicationTests]: class path resource [com/cg/mts/MovieFinalApplicationTestsContext.groovy] does not exist
20:47:53.967 [main] INFO org.springframework.test.context.support.AbstractContextLoader - Could not detect default resource locations for test class [com.cg.mts.MovieFinalApplicationTests]: no resource found for suffixes {-context.xml, Context.groovy}.
20:47:53.968 [main] INFO org.springframework.test.context.support.AnnotationConfigContextLoaderUtils - Could not detect default configuration classes for test class [com.cg.mts.MovieFinalApplicationTests]: MovieFinalApplicationTests does not declare any static, non-private, non-final, nested classes annotated with @Configuration.
20:47:54.097 [main] DEBUG org.springframework.test.context.support.ActiveProfilesUtils - Could not find an 'annotation declaring class' for annotation type [org.springframework.test.context.ActiveProfiles] and class [com.cg.mts.MovieFinalApplicationTests]
20:47:54.203 [main] DEBUG org.springframework.context.annotation.ClassPathScanningCandidateComponentProvider - Identified candidate component class: file [/home/coder/project/workspace/springapp/target/classes/com/cg/mts/MovieFinalApplication.class]
20:47:54.204 [main] INFO org.springframework.boot.test.context.SpringBootTestContextBootstrapper - Found @SpringBootConfiguration com.cg.mts.MovieFinalApplication for test class com.cg.mts.MovieFinalApplicationTests
20:47:54.342 [main] DEBUG org.springframework.boot.test.context.SpringBootTestContextBootstrapper - @TestExecutionListeners is not present for class [com.cg.mts.MovieFinalApplicationTests]: using defaults.
20:47:54.342 [main] INFO org.springframework.boot.test.context.SpringBootTestContextBootstrapper - Loaded default TestExecutionListener class names from location [META-INF/spring.factories]: [org.springframework.boot.test.mock.mockito.MockitoTestExecutionListener, org.springframework.boot.test.mock.mockito.ResetMocksTestExecutionListener, org.springframework.boot.test.autoconfigure.restdocs.RestDocsTestExecutionListener, org.springframework.boot.test.autoconfigure.web.client.MockRestServiceServerResetTestExecutionListener, org.springframework.boot.test.autoconfigure.web.servlet.MockMvcPrintOnlyOnFailureTestExecutionListener, org.springframework.boot.test.autoconfigure.web.servlet.WebDriverTestExecutionListener, org.springframework.boot.test.autoconfigure.webservices.client.MockWebServiceServerTestExecutionListener, org.springframework.test.context.web.ServletTestExecutionListener, org.springframework.test.context.support.DirtiesContextBeforeModesTestExecutionListener, org.springframework.test.context.event.ApplicationEventsTestExecutionListener, org.springframework.test.context.support.DependencyInjectionTestExecutionListener, org.springframework.test.context.support.DirtiesContextTestExecutionListener, org.springframework.test.context.transaction.TransactionalTestExecutionListener, org.springframework.test.context.jdbc.SqlScriptsTestExecutionListener, org.springframework.test.context.event.EventPublishingTestExecutionListener]
20:47:54.364 [main] INFO org.springframework.boot.test.context.SpringBootTestContextBootstrapper - Using TestExecutionListeners: [org.springframework.test.context.web.ServletTestExecutionListener@35e5d0e5, org.springframework.test.context.support.DirtiesContextBeforeModesTestExecutionListener@73173f63, org.springframework.test.context.event.ApplicationEventsTestExecutionListener@55562aa9, org.springframework.boot.test.mock.mockito.MockitoTestExecutionListener@655ef322, org.springframework.boot.test.autoconfigure.SpringBootDependencyInjectionTestExecutionListener@7e276594, org.springframework.test.context.support.DirtiesContextTestExecutionListener@3401a114, org.springframework.test.context.transaction.TransactionalTestExecutionListener@5066d65f, org.springframework.test.context.jdbc.SqlScriptsTestExecutionListener@4233e892, org.springframework.test.context.event.EventPublishingTestExecutionListener@77d2e85, org.springframework.boot.test.mock.mockito.ResetMocksTestExecutionListener@3ecd267f, org.springframework.boot.test.autoconfigure.restdocs.RestDocsTestExecutionListener@58ffcbd7, org.springframework.boot.test.autoconfigure.web.client.MockRestServiceServerResetTestExecutionListener@555cf22, org.springframework.boot.test.autoconfigure.web.servlet.MockMvcPrintOnlyOnFailureTestExecutionListener@6bb2d00b, org.springframework.boot.test.autoconfigure.web.servlet.WebDriverTestExecutionListener@3c9bfddc, org.springframework.boot.test.autoconfigure.webservices.client.MockWebServiceServerTestExecutionListener@1a9c38eb]
20:47:54.368 [main] DEBUG org.springframework.test.context.support.AbstractDirtiesContextTestExecutionListener - Before test class: context [DefaultTestContext@37ddb69a testClass = MovieFinalApplicationTests, testInstance = [null], testMethod = [null], testException = [null], mergedContextConfiguration = [WebMergedContextConfiguration@349c1daf testClass = MovieFinalApplicationTests, locations = '{}', classes = '{class com.cg.mts.MovieFinalApplication}', contextInitializerClasses = '[]', activeProfiles = '{}', propertySourceLocations = '{}', propertySourceProperties = '{org.springframework.boot.test.context.SpringBootTestContextBootstrapper=true}', contextCustomizers = set[org.springframework.boot.test.context.filter.ExcludeFilterContextCustomizer@6c7a164b, org.springframework.boot.test.json.DuplicateJsonObjectContextCustomizerFactory$DuplicateJsonObjectContextCustomizer@4ef74c30, org.springframework.boot.test.mock.mockito.MockitoContextCustomizer@0, org.springframework.boot.test.web.client.TestRestTemplateContextCustomizer@72d6b3ba, org.springframework.boot.test.autoconfigure.actuate.metrics.MetricsExportContextCustomizerFactory$DisableMetricExportContextCustomizer@c667f46, org.springframework.boot.test.autoconfigure.properties.PropertyMappingContextCustomizer@0, org.springframework.boot.test.autoconfigure.web.servlet.WebDriverContextCustomizerFactory$Customizer@43015c69, org.springframework.test.context.web.socket.MockServerContainerContextCustomizer@7ba8c737, org.springframework.boot.test.context.SpringBootTestArgs@1, org.springframework.boot.test.context.SpringBootTestWebEnvironment@659a969b], resourceBasePath = 'src/main/webapp', contextLoader = 'org.springframework.boot.test.context.SpringBootContextLoader', parent = [null]], attributes = map['org.springframework.test.context.web.ServletTestExecutionListener.activateListener' -> true]], class annotated with @DirtiesContext [false] with mode [null].
20:47:54.408 [main] DEBUG org.springframework.test.context.support.TestPropertySourceUtils - Adding inlined properties to environment: {spring.jmx.enabled=false, org.springframework.boot.test.context.SpringBootTestContextBootstrapper=true}

  .   ____          _            __ _ _
 /\\ / ___'_ __ _ _(_)_ __  __ _ \ \ \ \
( ( )\___ | '_ | '_| | '_ \/ _` | \ \ \ \
 \\/  ___)| |_)| | | | | || (_| |  ) ) ) )
  '  |____| .__|_| |_|_| |_\__, | / / / /
 =========|_|==============|___/=/_/_/_/
 :: Spring Boot ::                (v2.4.3)

2023-07-11 20:47:55.082  INFO 1292 --- [           main] com.cg.mts.MovieFinalApplicationTests    : Starting MovieFinalApplicationTests using Java 11.0.19 on fcbeaafebaafceeddbcdaddcefcbfdeaabded-0 with PID 1292 (started by coder in /home/coder/project/workspace/springapp)
2023-07-11 20:47:55.087  INFO 1292 --- [           main] com.cg.mts.MovieFinalApplicationTests    : No active profile set, falling back to default profiles: default
2023-07-11 20:47:56.800  INFO 1292 --- [           main] .s.d.r.c.RepositoryConfigurationDelegate : Bootstrapping Spring Data JPA repositories in DEFAULT mode.
2023-07-11 20:47:56.925  INFO 1292 --- [           main] .s.d.r.c.RepositoryConfigurationDelegate : Finished Spring Data repository scanning in 114 ms. Found 10 JPA repository interfaces.
2023-07-11 20:47:57.771  INFO 1292 --- [           main] o.hibernate.jpa.internal.util.LogHelper  : HHH000204: Processing PersistenceUnitInfo [name: default]
2023-07-11 20:47:57.826  INFO 1292 --- [           main] org.hibernate.Version                    : HHH000412: Hibernate ORM core version 5.4.28.Final
2023-07-11 20:47:57.986  INFO 1292 --- [           main] o.hibernate.annotations.common.Version   : HCANN000001: Hibernate Commons Annotations {5.1.2.Final}
2023-07-11 20:47:58.105  INFO 1292 --- [           main] com.zaxxer.hikari.HikariDataSource       : HikariPool-1 - Starting...
2023-07-11 20:47:58.371  INFO 1292 --- [           main] com.zaxxer.hikari.HikariDataSource       : HikariPool-1 - Start completed.
2023-07-11 20:47:58.387  INFO 1292 --- [           main] org.hibernate.dialect.Dialect            : HHH000400: Using dialect: org.hibernate.dialect.MySQL5InnoDBDialect
2023-07-11 20:47:59.674  INFO 1292 --- [           main] o.h.e.t.j.p.i.JtaPlatformInitiator       : HHH000490: Using JtaPlatform implementation: [org.hibernate.engine.transaction.jta.platform.internal.NoJtaPlatform]
2023-07-11 20:47:59.683  INFO 1292 --- [           main] j.LocalContainerEntityManagerFactoryBean : Initialized JPA EntityManagerFactory for persistence unit 'default'
2023-07-11 20:48:01.074  WARN 1292 --- [           main] JpaBaseConfiguration$JpaWebConfiguration : spring.jpa.open-in-view is enabled by default. Therefore, database queries may be performed during view rendering. Explicitly configure spring.jpa.open-in-view to disable this warning
2023-07-11 20:48:01.468  INFO 1292 --- [           main] pertySourcedRequestMappingHandlerMapping : Mapped URL path [/v2/api-docs] onto method [springfox.documentation.swagger2.web.Swagger2Controller#getDocumentation(String, HttpServletRequest)]
2023-07-11 20:48:01.826  INFO 1292 --- [           main] o.s.s.concurrent.ThreadPoolTaskExecutor  : Initializing ExecutorService 'applicationTaskExecutor'
2023-07-11 20:48:02.197  INFO 1292 --- [           main] d.s.w.p.DocumentationPluginsBootstrapper : Context refreshed
2023-07-11 20:48:02.223  INFO 1292 --- [           main] d.s.w.p.DocumentationPluginsBootstrapper : Found 1 custom documentation plugin(s)
2023-07-11 20:48:02.272  INFO 1292 --- [           main] s.d.s.w.s.ApiListingReferenceScanner     : Scanning for api listing references
2023-07-11 20:48:02.598  INFO 1292 --- [           main] .d.s.w.r.o.CachingOperationNameGenerator : Generating unique operation named: viewMovieByLocalDateUsingGET_1
2023-07-11 20:48:02.780  INFO 1292 --- [           main] com.cg.mts.MovieFinalApplicationTests    : Started MovieFinalApplicationTests in 8.365 seconds (JVM running for 10.11)
2023-07-11 20:48:02.914  INFO 1292 --- [           main] o.s.b.t.m.w.SpringBootMockServletContext : Initializing Spring TestDispatcherServlet ''
2023-07-11 20:48:02.914  INFO 1292 --- [           main] o.s.t.web.servlet.TestDispatcherServlet  : Initializing Servlet ''
2023-07-11 20:48:02.916  INFO 1292 --- [           main] o.s.t.web.servlet.TestDispatcherServlet  : Completed initialization in 2 ms
Hibernate: select user0_.userid as userid1_9_, user0_.customer_customer_id as customer5_9_, user0_.password as password2_9_, user0_.role as role3_9_, user0_.username as username4_9_ from user user0_ where user0_.username like ?
2023-07-11 20:48:03.014 ERROR 1292 --- [           main] com.cg.mts.controller.LoginController    : ------------------LoginFailed---------------
2023-07-11 20:48:03.046  INFO 1292 --- [           main] com.cg.mts.controller.ScreenController   : -------List Of Screens Fetched Successfully---------
Hibernate: select screen0_.screen_id as screen_i1_3_, screen0_.columnss as columnss2_3_, screen0_.rowss as rowss3_3_, screen0_.screen_name as screen_n4_3_, screen0_.theatre_theatre_id as theatre_5_3_ from screen screen0_
]]></system-out>
  </testcase>
  <testcase name="viewMovie" classname="com.cg.mts.MovieFinalApplicationTests" time="0.044">
    <failure message="expected: &lt;200&gt; but was: &lt;404&gt;" type="org.opentest4j.AssertionFailedError"><![CDATA[org.opentest4j.AssertionFailedError: expected: <200> but was: <404>
	at com.cg.mts.MovieFinalApplicationTests.viewMovie(ApplicationTests.java:134)
]]></failure>
    <system-out><![CDATA[2023-07-11 20:48:03.188  INFO 1292 --- [           main] o.s.b.t.m.w.SpringBootMockServletContext : Initializing Spring TestDispatcherServlet ''
2023-07-11 20:48:03.189  INFO 1292 --- [           main] o.s.t.web.servlet.TestDispatcherServlet  : Initializing Servlet ''
2023-07-11 20:48:03.190  INFO 1292 --- [           main] o.s.t.web.servlet.TestDispatcherServlet  : Completed initialization in 1 ms
Hibernate: select movie0_.movie_id as movie_id1_2_0_, movie0_.movie_date as movie_da2_2_0_, movie0_.movie_description as movie_de3_2_0_, movie0_.movie_genre as movie_ge4_2_0_, movie0_.movie_hours as movie_ho5_2_0_, movie0_.movie_language as movie_la6_2_0_, movie0_.movie_name as movie_na7_2_0_, movie0_.movie_rating as movie_ra8_2_0_, movie0_.show_show_id as show_sho9_2_0_, show1_.show_id as show_id1_5_1_, show1_.booking_transaction_id as booking_6_5_1_, show1_.screen_screen_id as screen_s7_5_1_, show1_.show_date as show_dat2_5_1_, show1_.show_end_time as show_end3_5_1_, show1_.show_name as show_nam4_5_1_, show1_.show_start_time as show_sta5_5_1_, show1_.theatre_theatre_id as theatre_8_5_1_, booking2_.transaction_id as transact1_0_2_, booking2_.booking_date as booking_2_0_2_, booking2_.customer_customer_id as customer6_0_2_, booking2_.total_cost as total_co3_0_2_, booking2_.transaction_mode as transact4_0_2_, booking2_.transaction_status as transact5_0_2_, screen3_.screen_id as screen_i1_3_3_, screen3_.columnss as columnss2_3_3_, screen3_.rowss as rowss3_3_3_, screen3_.screen_name as screen_n4_3_3_, screen3_.theatre_theatre_id as theatre_5_3_3_, theatre4_.theatre_id as theatre_1_6_4_, theatre4_.manager_contact as manager_2_6_4_, theatre4_.manager_name as manager_3_6_4_, theatre4_.theatre_city as theatre_4_6_4_, theatre4_.theatre_name as theatre_5_6_4_ from movie movie0_ left outer join shhow show1_ on movie0_.show_show_id=show1_.show_id left outer join booking booking2_ on show1_.booking_transaction_id=booking2_.transaction_id left outer join screen screen3_ on show1_.screen_screen_id=screen3_.screen_id left outer join theatre theatre4_ on show1_.theatre_theatre_id=theatre4_.theatre_id where movie0_.movie_id=?
]]></system-out>
  </testcase>
  <testcase name="viewAllBookings" classname="com.cg.mts.MovieFinalApplicationTests" time="0.075">
    <error message="Index 0 out of bounds for length 0" type="java.lang.ArrayIndexOutOfBoundsException">java.lang.ArrayIndexOutOfBoundsException: Index 0 out of bounds for length 0
	at com.cg.mts.MovieFinalApplicationTests.viewAllBookings(ApplicationTests.java:221)
</error>
    <system-out><![CDATA[2023-07-11 20:48:03.240  INFO 1292 --- [           main] o.s.b.t.m.w.SpringBootMockServletContext : Initializing Spring TestDispatcherServlet ''
2023-07-11 20:48:03.240  INFO 1292 --- [           main] o.s.t.web.servlet.TestDispatcherServlet  : Initializing Servlet ''
2023-07-11 20:48:03.241  INFO 1292 --- [           main] o.s.t.web.servlet.TestDispatcherServlet  : Completed initialization in 1 ms
2023-07-11 20:48:03.242  INFO 1292 --- [           main] com.cg.mts.controller.BookingController  : -------List Of Bookings Fetched Successfully---------
Hibernate: select booking0_.transaction_id as transact1_0_, booking0_.booking_date as booking_2_0_, booking0_.customer_customer_id as customer6_0_, booking0_.total_cost as total_co3_0_, booking0_.transaction_mode as transact4_0_, booking0_.transaction_status as transact5_0_ from booking booking0_
]]></system-out>
  </testcase>
  <testcase name="addASeat" classname="com.cg.mts.MovieFinalApplicationTests" time="0.161"/>
  <testcase name="addMovie" classname="com.cg.mts.MovieFinalApplicationTests" time="0.059"/>
  <testcase name="addShow" classname="com.cg.mts.MovieFinalApplicationTests" time="0.085"/>
  <testcase name="viewShowList" classname="com.cg.mts.MovieFinalApplicationTests" time="0.048"/>
  <testcase name="viewCustomerList" classname="com.cg.mts.MovieFinalApplicationTests" time="0.017">
    <error message="Index -1 out of bounds for length 0" type="java.lang.ArrayIndexOutOfBoundsException">java.lang.ArrayIndexOutOfBoundsException: Index -1 out of bounds for length 0
	at com.cg.mts.MovieFinalApplicationTests.viewCustomerList(ApplicationTests.java:55)
</error>
    <system-out><![CDATA[2023-07-11 20:48:03.674  INFO 1292 --- [           main] o.s.b.t.m.w.SpringBootMockServletContext : Initializing Spring TestDispatcherServlet ''
2023-07-11 20:48:03.675  INFO 1292 --- [           main] o.s.t.web.servlet.TestDispatcherServlet  : Initializing Servlet ''
2023-07-11 20:48:03.676  INFO 1292 --- [           main] o.s.t.web.servlet.TestDispatcherServlet  : Completed initialization in 1 ms
Hibernate: select user0_.userid as userid1_9_, user0_.customer_customer_id as customer5_9_, user0_.password as password2_9_, user0_.role as role3_9_, user0_.username as username4_9_ from user user0_ where user0_.username like ?
2023-07-11 20:48:03.678 ERROR 1292 --- [           main] com.cg.mts.controller.LoginController    : ------------------LoginFailed---------------
2023-07-11 20:48:03.679  INFO 1292 --- [           main] c.cg.mts.controller.CustomerController   : ---------------Customer List-----------------
Hibernate: select customer0_.customer_id as customer1_1_, customer0_.address as address2_1_, customer0_.customer_name as customer3_1_, customer0_.email as email4_1_, customer0_.mobile_number as mobile_n5_1_, customer0_.password as password6_1_ from customer customer0_
]]></system-out>
  </testcase>
  <testcase name="addAScreen" classname="com.cg.mts.MovieFinalApplicationTests" time="0.017"/>
  <testcase name="addATicket" classname="com.cg.mts.MovieFinalApplicationTests" time="0.052"/>
  <testcase name="addTheatre" classname="com.cg.mts.MovieFinalApplicationTests" time="0.037"/>
  <testcase name="getAlltheatres" classname="com.cg.mts.MovieFinalApplicationTests" time="0.065"/>
  <testcase name="viewTicketList" classname="com.cg.mts.MovieFinalApplicationTests" time="0.039"/>
  <testcase name="viewMovieList" classname="com.cg.mts.MovieFinalApplicationTests" time="0.021"/>
  <testcase name="viewSeatList" classname="com.cg.mts.MovieFinalApplicationTests" time="0.047"/>
  <testcase name="deleteMoviesById" classname="com.cg.mts.MovieFinalApplicationTests" time="0.021">
    <failure message="expected: &lt;200&gt; but was: &lt;404&gt;" type="org.opentest4j.AssertionFailedError"><![CDATA[org.opentest4j.AssertionFailedError: expected: <200> but was: <404>
	at com.cg.mts.MovieFinalApplicationTests.deleteMoviesById(ApplicationTests.java:104)
]]></failure>
    <system-out><![CDATA[2023-07-11 20:48:03.978  INFO 1292 --- [           main] o.s.b.t.m.w.SpringBootMockServletContext : Initializing Spring TestDispatcherServlet ''
2023-07-11 20:48:03.979  INFO 1292 --- [           main] o.s.t.web.servlet.TestDispatcherServlet  : Initializing Servlet ''
2023-07-11 20:48:03.980  INFO 1292 --- [           main] o.s.t.web.servlet.TestDispatcherServlet  : Completed initialization in 1 ms
Hibernate: select user0_.userid as userid1_9_, user0_.customer_customer_id as customer5_9_, user0_.password as password2_9_, user0_.role as role3_9_, user0_.username as username4_9_ from user user0_ where user0_.username like ?
2023-07-11 20:48:03.983 ERROR 1292 --- [           main] com.cg.mts.controller.LoginController    : ------------------LoginFailed---------------
Hibernate: select movie0_.movie_id as movie_id1_2_0_, movie0_.movie_date as movie_da2_2_0_, movie0_.movie_description as movie_de3_2_0_, movie0_.movie_genre as movie_ge4_2_0_, movie0_.movie_hours as movie_ho5_2_0_, movie0_.movie_language as movie_la6_2_0_, movie0_.movie_name as movie_na7_2_0_, movie0_.movie_rating as movie_ra8_2_0_, movie0_.show_show_id as show_sho9_2_0_, show1_.show_id as show_id1_5_1_, show1_.booking_transaction_id as booking_6_5_1_, show1_.screen_screen_id as screen_s7_5_1_, show1_.show_date as show_dat2_5_1_, show1_.show_end_time as show_end3_5_1_, show1_.show_name as show_nam4_5_1_, show1_.show_start_time as show_sta5_5_1_, show1_.theatre_theatre_id as theatre_8_5_1_, booking2_.transaction_id as transact1_0_2_, booking2_.booking_date as booking_2_0_2_, booking2_.customer_customer_id as customer6_0_2_, booking2_.total_cost as total_co3_0_2_, booking2_.transaction_mode as transact4_0_2_, booking2_.transaction_status as transact5_0_2_, screen3_.screen_id as screen_i1_3_3_, screen3_.columnss as columnss2_3_3_, screen3_.rowss as rowss3_3_3_, screen3_.screen_name as screen_n4_3_3_, screen3_.theatre_theatre_id as theatre_5_3_3_, theatre4_.theatre_id as theatre_1_6_4_, theatre4_.manager_contact as manager_2_6_4_, theatre4_.manager_name as manager_3_6_4_, theatre4_.theatre_city as theatre_4_6_4_, theatre4_.theatre_name as theatre_5_6_4_ from movie movie0_ left outer join shhow show1_ on movie0_.show_show_id=show1_.show_id left outer join booking booking2_ on show1_.booking_transaction_id=booking2_.transaction_id left outer join screen screen3_ on show1_.screen_screen_id=screen3_.screen_id left outer join theatre theatre4_ on show1_.theatre_theatre_id=theatre4_.theatre_id where movie0_.movie_id=?
]]></system-out>
  </testcase>
  <testcase name="findTheatres" classname="com.cg.mts.MovieFinalApplicationTests" time="0.011">
    <error message="No content to map due to end-of-input&#10; at [Source: (String)&quot;&quot;; line: 1, column: 0]" type="com.fasterxml.jackson.databind.exc.MismatchedInputException">com.fasterxml.jackson.databind.exc.MismatchedInputException: 
No content to map due to end-of-input
 at [Source: (String)""; line: 1, column: 0]
	at com.cg.mts.MovieFinalApplicationTests.findTheatres(ApplicationTests.java:82)
</error>
    <system-out><![CDATA[2023-07-11 20:48:03.994  INFO 1292 --- [           main] o.s.b.t.m.w.SpringBootMockServletContext : Initializing Spring TestDispatcherServlet ''
2023-07-11 20:48:03.994  INFO 1292 --- [           main] o.s.t.web.servlet.TestDispatcherServlet  : Initializing Servlet ''
2023-07-11 20:48:03.995  INFO 1292 --- [           main] o.s.t.web.servlet.TestDispatcherServlet  : Completed initialization in 1 ms
2023-07-11 20:48:03.997  INFO 1292 --- [           main] com.cg.mts.controller.TheatreController  : -------Theatre Found with Theatre id4---------
Hibernate: select theatre0_.theatre_id as theatre_1_6_0_, theatre0_.manager_contact as manager_2_6_0_, theatre0_.manager_name as manager_3_6_0_, theatre0_.theatre_city as theatre_4_6_0_, theatre0_.theatre_name as theatre_5_6_0_ from theatre theatre0_ where theatre0_.theatre_id=?
]]></system-out>
  </testcase>
</testsuite>